#
# A fatal error has been detected by the Java Runtime Environment:
#
#  EXCEPTION_ACCESS_VIOLATION (0xc0000005) at pc=0x00007ffaf97e40bb, pid=89672, tid=0x0000000000015af8
#
# JRE version: Java(TM) SE Runtime Environment (8.0_191-b12) (build 1.8.0_191-b12)
# Java VM: Java HotSpot(TM) 64-Bit Server VM (25.191-b12 mixed mode windows-amd64 compressed oops)
# Problematic frame:
# C  [ig9icd64.dll+0x5940bb]
#
# Failed to write core dump. Minidumps are not enabled by default on client versions of Windows
#
# If you would like to submit a bug report, please visit:
#   http://bugreport.java.com/bugreport/crash.jsp
# The crash happened outside the Java Virtual Machine in native code.
# See problematic frame for where to report the bug.
#

---------------  T H R E A D  ---------------

Current thread (0x000000001e923000):  JavaThread "LWJGL Application" [_thread_in_native, id=88824, stack(0x00000000202c0000,0x00000000203c0000)]

siginfo: ExceptionCode=0xc0000005, reading address 0x00000000000000f0

Registers:
RAX=0x00000000000000d0, RBX=0x00000000203becc0, RCX=0x0000000000000000, RDX=0x0000000023237620
RSP=0x00000000203bea90, RBP=0x00000000000000d0, RSI=0x0000000000000000, RDI=0x000000002025ecc0
R8 =0x0000000000000001, R9 =0x0000800000000000, R10=0x00000000ffffefff, R11=0x00000000ffffefff
R12=0x0000fffffffff000, R13=0xffff000000000fff, R14=0x0000000023237620, R15=0x0000000000000000
RIP=0x00007ffaf97e40bb, EFLAGS=0x0000000000010202

Top of Stack: (sp=0x00000000203bea90)
0x00000000203bea90:   0000b80203d40000 000000002025ecc0
0x00000000203beaa0:   0000000023237620 00007ffaf9276d32
0x00000000203beab0:   00000000203becc0 00007ffaf9276c95
0x00000000203beac0:   0000000000000000 0000000020297330
0x00000000203bead0:   0000000020293cd0 000000002025ecc0
0x00000000203beae0:   0010020000000000 00000000203beba9
0x00000000203beaf0:   00000000203becc0 00007ffaf984baf8
0x00000000203beb00:   00000000201f9010 0000000020293830
0x00000000203beb10:   00000000203beba9 0000000000000000
0x00000000203beb20:   0000000000000002 0000000023237620
0x00000000203beb30:   0000000000000000 0000000000000000
0x00000000203beb40:   ffffb80203d40000 0000020000000000
0x00000000203beb50:   0000000000000000 0000000020293828
0x00000000203beb60:   0000004161010011 0002000000008000
0x00000000203beb70:   0000000000000041 0000b80203d40041
0x00000000203beb80:   0000b80203d40021 0000800100000021 

Instructions: (pc=0x00007ffaf97e40bb)
0x00007ffaf97e409b:   48 48 85 c0 75 ef 80 bd 20 04 00 00 00 74 26 8b
0x00007ffaf97e40ab:   c1 83 e0 0f 48 c1 e0 06 48 03 c5 48 85 c0 74 15
0x00007ffaf97e40bb:   48 8b 40 20 48 83 f8 fd 0f 86 a6 02 00 00 0f 1f
0x00007ffaf97e40cb:   80 00 00 00 00 48 8b 96 20 05 00 00 48 85 d2 78 


Register to memory mapping:

RAX=0x00000000000000d0 is an unknown value
RBX=0x00000000203becc0 is pointing into the stack for thread: 0x000000001e923000
RCX=0x0000000000000000 is an unknown value
RDX=0x0000000023237620 is an unknown value
RSP=0x00000000203bea90 is pointing into the stack for thread: 0x000000001e923000
RBP=0x00000000000000d0 is an unknown value
RSI=0x0000000000000000 is an unknown value
RDI=0x000000002025ecc0 is an unknown value
R8 =0x0000000000000001 is an unknown value
R9 =0x0000800000000000 is an unknown value
R10=0x00000000ffffefff is an unknown value
R11=0x00000000ffffefff is an unknown value
R12=0x0000fffffffff000 is an unknown value
R13=0xffff000000000fff is an unknown value
R14=0x0000000023237620 is an unknown value
R15=0x0000000000000000 is an unknown value


Stack: [0x00000000202c0000,0x00000000203c0000],  sp=0x00000000203bea90,  free space=1018k
Native frames: (J=compiled Java code, j=interpreted, Vv=VM code, C=native code)
C  [ig9icd64.dll+0x5940bb]

Java frames: (J=compiled Java code, j=interpreted, Vv=VM code)
J 1447  org.lwjgl.opengl.WindowsContextImplementation.nSwapBuffers(Ljava/nio/ByteBuffer;)V (0 bytes) @ 0x00000000033d9752 [0x00000000033d9700+0x52]
J 1638 C2 org.lwjgl.opengl.Display.update(Z)V (154 bytes) @ 0x00000000034b4bb0 [0x00000000034b4980+0x230]
j  com.badlogic.gdx.backends.lwjgl.LwjglApplication.mainLoop()V+704
j  com.badlogic.gdx.backends.lwjgl.LwjglApplication$1.run()V+27
v  ~StubRoutines::call_stub

---------------  P R O C E S S  ---------------

Java Threads: ( => current thread )
  0x000000002099a000 JavaThread "LWJGL Timer" daemon [_thread_blocked, id=73680, stack(0x0000000029ea0000,0x0000000029fa0000)]
  0x0000000020999000 JavaThread "AsynchExecutor-Thread" daemon [_thread_blocked, id=90476, stack(0x0000000029da0000,0x0000000029ea0000)]
  0x0000000002b8e800 JavaThread "DestroyJavaVM" [_thread_blocked, id=76472, stack(0x0000000002c40000,0x0000000002d40000)]
=>0x000000001e923000 JavaThread "LWJGL Application" [_thread_in_native, id=88824, stack(0x00000000202c0000,0x00000000203c0000)]
  0x000000001e77a800 JavaThread "Service Thread" daemon [_thread_blocked, id=84248, stack(0x000000001f2d0000,0x000000001f3d0000)]
  0x000000001e6ed000 JavaThread "C1 CompilerThread3" daemon [_thread_blocked, id=57152, stack(0x000000001f1d0000,0x000000001f2d0000)]
  0x000000001e6e7800 JavaThread "C2 CompilerThread2" daemon [_thread_blocked, id=90364, stack(0x000000001f0d0000,0x000000001f1d0000)]
  0x000000001e6e2000 JavaThread "C2 CompilerThread1" daemon [_thread_blocked, id=89920, stack(0x000000001efd0000,0x000000001f0d0000)]
  0x000000001e6db800 JavaThread "C2 CompilerThread0" daemon [_thread_blocked, id=15932, stack(0x000000001eed0000,0x000000001efd0000)]
  0x000000001e6da000 JavaThread "Attach Listener" daemon [_thread_blocked, id=66964, stack(0x000000001edd0000,0x000000001eed0000)]
  0x000000001e6d9000 JavaThread "Signal Dispatcher" daemon [_thread_blocked, id=90340, stack(0x000000001ecd0000,0x000000001edd0000)]
  0x000000001e6d0800 JavaThread "Finalizer" daemon [_thread_blocked, id=88652, stack(0x000000001eab0000,0x000000001ebb0000)]
  0x0000000002e39000 JavaThread "Reference Handler" daemon [_thread_blocked, id=87612, stack(0x000000001e5b0000,0x000000001e6b0000)]

Other Threads:
  0x000000001c7da000 VMThread [stack: 0x000000001e4b0000,0x000000001e5b0000] [id=77656]
  0x000000001e793800 WatcherThread [stack: 0x000000001f3d0000,0x000000001f4d0000] [id=90612]

VM state:not at safepoint (normal execution)

VM Mutex/Monitor currently owned by a thread: None

Heap:
 PSYoungGen      total 75776K, used 65485K [0x000000076b800000, 0x0000000770c80000, 0x00000007c0000000)
  eden space 65024K, 84% used [0x000000076b800000,0x000000076ed73ec8,0x000000076f780000)
  from space 10752K, 99% used [0x000000076f780000,0x00000007701ff6b8,0x0000000770200000)
  to   space 10752K, 0% used [0x0000000770200000,0x0000000770200000,0x0000000770c80000)
 ParOldGen       total 173568K, used 2987K [0x00000006c2800000, 0x00000006cd180000, 0x000000076b800000)
  object space 173568K, 1% used [0x00000006c2800000,0x00000006c2aeac60,0x00000006cd180000)
 Metaspace       used 9739K, capacity 9913K, committed 10240K, reserved 1058816K
  class space    used 933K, capacity 993K, committed 1024K, reserved 1048576K

Card table byte_map: [0x0000000012200000,0x00000000129f0000] byte_map_base: 0x000000000ebec000

Marking Bits: (ParMarkBitMap*) 0x00000000541a3e30
 Begin Bits: [0x0000000013740000, 0x00000000176a0000)
 End Bits:   [0x00000000176a0000, 0x000000001b600000)

Polling page: 0x0000000002af0000

CodeCache: size=245760Kb used=6715Kb max_used=6731Kb free=239044Kb
 bounds [0x0000000002e40000, 0x00000000034e0000, 0x0000000011e40000]
 total_blobs=2163 nmethods=1653 adapters=422
 compilation: enabled

Compilation events (10 events):
Event: 133.773 Thread 0x000000001e6e2000 1667       4       com.badlogic.gdx.backends.lwjgl.LwjglInput::updateKeyboard (421 bytes)
Event: 133.773 Thread 0x000000001e6db800 1668       4       com.badlogic.gdx.backends.lwjgl.audio.OpenALAudio::update (43 bytes)
Event: 133.773 Thread 0x000000001e6e7800 1669       4       com.badlogic.gdx.backends.lwjgl.LwjglGraphics::updateTime (65 bytes)
Event: 133.775 Thread 0x000000001e6e7800 nmethod 1669 0x00000000034b9d50 code [0x00000000034b9ea0, 0x00000000034b9f58]
Event: 133.775 Thread 0x000000001e6db800 nmethod 1668 0x00000000034aae10 code [0x00000000034aaf40, 0x00000000034aafd8]
Event: 133.775 Thread 0x000000001e6e7800 1670       4       game.Demo::render (5 bytes)
Event: 133.777 Thread 0x000000001e6e7800 nmethod 1670 0x00000000034aaa50 code [0x00000000034aaba0, 0x00000000034aaca8]
Event: 133.822 Thread 0x000000001e6e2000 nmethod 1667 0x00000000034d7390 code [0x00000000034d7680, 0x00000000034d8e68]
Event: 195.744 Thread 0x000000001e6db800 1671       4       org.lwjgl.opengl.Display::sync (5 bytes)
Event: 195.745 Thread 0x000000001e6db800 nmethod 1671 0x000000000346ef10 code [0x000000000346f060, 0x000000000346f0c8]

GC Heap History (2 events):
Event: 70.426 GC heap before
{Heap before GC invocations=1 (full 0):
 PSYoungGen      total 75776K, used 65024K [0x000000076b800000, 0x0000000770c80000, 0x00000007c0000000)
  eden space 65024K, 100% used [0x000000076b800000,0x000000076f780000,0x000000076f780000)
  from space 10752K, 0% used [0x0000000770200000,0x0000000770200000,0x0000000770c80000)
  to   space 10752K, 0% used [0x000000076f780000,0x000000076f780000,0x0000000770200000)
 ParOldGen       total 173568K, used 0K [0x00000006c2800000, 0x00000006cd180000, 0x000000076b800000)
  object space 173568K, 0% used [0x00000006c2800000,0x00000006c2800000,0x00000006cd180000)
 Metaspace       used 9732K, capacity 9913K, committed 10240K, reserved 1058816K
  class space    used 933K, capacity 993K, committed 1024K, reserved 1048576K
Event: 70.443 GC heap after
Heap after GC invocations=1 (full 0):
 PSYoungGen      total 75776K, used 10749K [0x000000076b800000, 0x0000000770c80000, 0x00000007c0000000)
  eden space 65024K, 0% used [0x000000076b800000,0x000000076b800000,0x000000076f780000)
  from space 10752K, 99% used [0x000000076f780000,0x00000007701ff6b8,0x0000000770200000)
  to   space 10752K, 0% used [0x0000000770200000,0x0000000770200000,0x0000000770c80000)
 ParOldGen       total 173568K, used 2987K [0x00000006c2800000, 0x00000006cd180000, 0x000000076b800000)
  object space 173568K, 1% used [0x00000006c2800000,0x00000006c2aeac60,0x00000006cd180000)
 Metaspace       used 9732K, capacity 9913K, committed 10240K, reserved 1058816K
  class space    used 933K, capacity 993K, committed 1024K, reserved 1048576K
}

Deoptimization events (10 events):
Event: 10.410 Thread 0x000000001e923000 Uncommon trap: reason=range_check action=make_not_entrant pc=0x000000000335e834 method=com.badlogic.gdx.graphics.glutils.ShapeRenderer.polygon([FII)V @ 86
Event: 23.062 Thread 0x000000001e923000 Uncommon trap: reason=unstable_if action=reinterpret pc=0x0000000003410508 method=com.badlogic.gdx.scenes.scene2d.Actor.moveBy(FF)V @ 3
Event: 23.064 Thread 0x000000001e923000 Uncommon trap: reason=unstable_if action=reinterpret pc=0x00000000033938a0 method=com.badlogic.gdx.graphics.g2d.Animation.getKeyFrameIndex(F)I @ 6
Event: 23.075 Thread 0x000000001e923000 Uncommon trap: reason=unstable_if action=reinterpret pc=0x00000000033fb9e0 method=com.badlogic.gdx.scenes.scene2d.Actor.moveBy(FF)V @ 3
Event: 23.792 Thread 0x000000001e923000 Uncommon trap: reason=unstable_if action=reinterpret pc=0x00000000034478e0 method=com.badlogic.gdx.math.Rectangle.overlaps(Lcom/badlogic/gdx/math/Rectangle;)Z @ 65
Event: 23.808 Thread 0x000000001e923000 Uncommon trap: reason=unstable_if action=reinterpret pc=0x00000000033249e8 method=com.badlogic.gdx.math.Rectangle.overlaps(Lcom/badlogic/gdx/math/Rectangle;)Z @ 65
Event: 23.824 Thread 0x000000001e923000 Uncommon trap: reason=unstable_if action=reinterpret pc=0x00000000033233ec method=com.badlogic.gdx.math.Rectangle.overlaps(Lcom/badlogic/gdx/math/Rectangle;)Z @ 65
Event: 23.908 Thread 0x000000001e923000 Uncommon trap: reason=unstable_if action=reinterpret pc=0x000000000341935c method=com.badlogic.gdx.math.Rectangle.overlaps(Lcom/badlogic/gdx/math/Rectangle;)Z @ 65
Event: 41.658 Thread 0x000000001e923000 Uncommon trap: reason=unstable_if action=reinterpret pc=0x00000000033d0ddc method=java.lang.Math.signum(F)F @ 3
Event: 109.362 Thread 0x000000001e923000 Uncommon trap: reason=unstable_if action=reinterpret pc=0x00000000034a5e8c method=org.lwjgl.opengl.Sync.sync(I)V @ 30

Classes redefined (0 events):
No events

Internal exceptions (10 events):
Event: 0.239 Thread 0x0000000002b8e800 Exception <a 'java/security/PrivilegedActionException'> (0x000000076bb19c70) thrown at [C:\re\workspace\8-2-build-windows-amd64-cygwin\jdk8u191\11896\hotspot\src\share\vm\prims\jvm.cpp, line 1435]
Event: 0.239 Thread 0x0000000002b8e800 Exception <a 'java/security/PrivilegedActionException'> (0x000000076bb19e80) thrown at [C:\re\workspace\8-2-build-windows-amd64-cygwin\jdk8u191\11896\hotspot\src\share\vm\prims\jvm.cpp, line 1435]
Event: 0.781 Thread 0x0000000002b8e800 Exception <a 'java/security/PrivilegedActionException'> (0x000000076bc2d788) thrown at [C:\re\workspace\8-2-build-windows-amd64-cygwin\jdk8u191\11896\hotspot\src\share\vm\prims\jvm.cpp, line 1435]
Event: 0.782 Thread 0x0000000002b8e800 Exception <a 'java/security/PrivilegedActionException'> (0x000000076bc2f460) thrown at [C:\re\workspace\8-2-build-windows-amd64-cygwin\jdk8u191\11896\hotspot\src\share\vm\prims\jvm.cpp, line 1435]
Event: 0.782 Thread 0x0000000002b8e800 Exception <a 'java/security/PrivilegedActionException'> (0x000000076bc305d0) thrown at [C:\re\workspace\8-2-build-windows-amd64-cygwin\jdk8u191\11896\hotspot\src\share\vm\prims\jvm.cpp, line 1435]
Event: 0.783 Thread 0x0000000002b8e800 Exception <a 'java/security/PrivilegedActionException'> (0x000000076bc35738) thrown at [C:\re\workspace\8-2-build-windows-amd64-cygwin\jdk8u191\11896\hotspot\src\share\vm\prims\jvm.cpp, line 1435]
Event: 0.783 Thread 0x0000000002b8e800 Exception <a 'java/security/PrivilegedActionException'> (0x000000076bc36390) thrown at [C:\re\workspace\8-2-build-windows-amd64-cygwin\jdk8u191\11896\hotspot\src\share\vm\prims\jvm.cpp, line 1435]
Event: 0.783 Thread 0x0000000002b8e800 Exception <a 'java/security/PrivilegedActionException'> (0x000000076bc36fb8) thrown at [C:\re\workspace\8-2-build-windows-amd64-cygwin\jdk8u191\11896\hotspot\src\share\vm\prims\jvm.cpp, line 1435]
Event: 5.490 Thread 0x0000000020999000 Exception <a 'java/lang/NoSuchFieldError': method resolution failed> (0x000000076da9ba88) thrown at [C:\re\workspace\8-2-build-windows-amd64-cygwin\jdk8u191\11896\hotspot\src\share\vm\prims\methodHandles.cpp, line 1167]
Event: 5.494 Thread 0x0000000020999000 Exception <a 'java/lang/NoSuchFieldError': method resolution failed> (0x000000076daa9148) thrown at [C:\re\workspace\8-2-build-windows-amd64-cygwin\jdk8u191\11896\hotspot\src\share\vm\prims\methodHandles.cpp, line 1167]

Events (10 events):
Event: 93.042 Thread 0x000000001e6e2000 flushing nmethod 0x0000000002f59110
Event: 93.042 Thread 0x000000001e6e2000 flushing nmethod 0x0000000002f5e250
Event: 93.042 Thread 0x000000001e6e2000 flushing nmethod 0x0000000002f65590
Event: 93.641 Thread 0x000000001e6db800 flushing nmethod 0x0000000002f90250
Event: 93.641 Thread 0x000000001e6db800 flushing nmethod 0x0000000002fa4f50
Event: 109.362 Thread 0x000000001e923000 Uncommon trap: trap_request=0xffffff65 fr.pc=0x00000000034a5e8c
Event: 109.362 Thread 0x000000001e923000 DEOPT PACKING pc=0x00000000034a5e8c sp=0x00000000203bf540
Event: 109.362 Thread 0x000000001e923000 DEOPT UNPACKING pc=0x0000000002e8583b sp=0x00000000203bf480 mode 2
Event: 109.763 Thread 0x000000001e923000 DEOPT PACKING pc=0x00000000032ca3ff sp=0x00000000203bf3e0
Event: 109.763 Thread 0x000000001e923000 DEOPT UNPACKING pc=0x0000000002e87890 sp=0x00000000203bf1f0 mode 0


Dynamic libraries:
0x00007ff75c3e0000 - 0x00007ff75c417000 	C:\Program Files\Java\jre1.8.0_191\bin\javaw.exe
0x00007ffb543d0000 - 0x00007ffb545c8000 	C:\WINDOWS\SYSTEM32\ntdll.dll
0x00007ffb53a90000 - 0x00007ffb53b4f000 	C:\WINDOWS\System32\KERNEL32.DLL
0x00007ffb51d90000 - 0x00007ffb52062000 	C:\WINDOWS\System32\KERNELBASE.dll
0x0000000053640000 - 0x0000000053971000 	C:\Program Files\Norton Security\NortonData\22.22.11.12\Definitions\IPSDefs\20230303.061\IPSEng64.dll
0x00007ffb53e70000 - 0x00007ffb53f1e000 	C:\WINDOWS\System32\ADVAPI32.dll
0x00007ffb53780000 - 0x00007ffb5381e000 	C:\WINDOWS\System32\msvcrt.dll
0x00007ffb52970000 - 0x00007ffb52a0c000 	C:\WINDOWS\System32\sechost.dll
0x00007ffb52a10000 - 0x00007ffb52b35000 	C:\WINDOWS\System32\RPCRT4.dll
0x00007ffb52b50000 - 0x00007ffb52b58000 	C:\WINDOWS\System32\PSAPI.DLL
0x00007ffb53b50000 - 0x00007ffb53cf1000 	C:\WINDOWS\System32\USER32.dll
0x00007ffb51d60000 - 0x00007ffb51d82000 	C:\WINDOWS\System32\win32u.dll
0x00007ffb52530000 - 0x00007ffb5255b000 	C:\WINDOWS\System32\GDI32.dll
0x00007ffb52240000 - 0x00007ffb5234f000 	C:\WINDOWS\System32\gdi32full.dll
0x00007ffb52070000 - 0x00007ffb5210d000 	C:\WINDOWS\System32\msvcp_win.dll
0x00007ffb52110000 - 0x00007ffb52210000 	C:\WINDOWS\System32\ucrtbase.dll
0x00007ffb3b690000 - 0x00007ffb3b92a000 	C:\WINDOWS\WinSxS\amd64_microsoft.windows.common-controls_6595b64144ccf1df_6.0.19041.1110_none_60b5254171f9507e\COMCTL32.dll
0x00007ffb539f0000 - 0x00007ffb53a22000 	C:\WINDOWS\System32\IMM32.DLL
0x0000000055740000 - 0x0000000055812000 	C:\Program Files\Java\jre1.8.0_191\bin\msvcr100.dll
0x0000000053980000 - 0x0000000054224000 	C:\Program Files\Java\jre1.8.0_191\bin\server\jvm.dll
0x00007ffb28030000 - 0x00007ffb28039000 	C:\WINDOWS\SYSTEM32\WSOCK32.dll
0x00007ffb52b60000 - 0x00007ffb52bcb000 	C:\WINDOWS\System32\WS2_32.dll
0x00007ffb45900000 - 0x00007ffb4590a000 	C:\WINDOWS\SYSTEM32\VERSION.dll
0x00007ffb3f3b0000 - 0x00007ffb3f3d7000 	C:\WINDOWS\SYSTEM32\WINMM.dll
0x0000000055fa0000 - 0x0000000055faf000 	C:\Program Files\Java\jre1.8.0_191\bin\verify.dll
0x0000000055f70000 - 0x0000000055f99000 	C:\Program Files\Java\jre1.8.0_191\bin\java.dll
0x0000000055f50000 - 0x0000000055f66000 	C:\Program Files\Java\jre1.8.0_191\bin\zip.dll
0x00007ffb52fd0000 - 0x00007ffb53715000 	C:\WINDOWS\System32\SHELL32.dll
0x00007ffb52560000 - 0x00007ffb5260d000 	C:\WINDOWS\System32\shcore.dll
0x00007ffb52bd0000 - 0x00007ffb52f25000 	C:\WINDOWS\System32\combase.dll
0x00007ffb4fb80000 - 0x00007ffb50312000 	C:\WINDOWS\SYSTEM32\windows.storage.dll
0x00007ffb51520000 - 0x00007ffb51550000 	C:\WINDOWS\SYSTEM32\Wldp.dll
0x00007ffb53a30000 - 0x00007ffb53a85000 	C:\WINDOWS\System32\shlwapi.dll
0x00007ffb51a00000 - 0x00007ffb51a1f000 	C:\WINDOWS\SYSTEM32\profapi.dll
0x0000000065580000 - 0x0000000065616000 	C:\Users\panen\AppData\Local\Temp\libgdxpanen\d1d1c1a9\gdx64.dll
0x00007ffb51470000 - 0x00007ffb51488000 	C:\WINDOWS\SYSTEM32\CRYPTSP.dll
0x00007ffb50b30000 - 0x00007ffb50b64000 	C:\WINDOWS\system32\rsaenh.dll
0x00007ffb52210000 - 0x00007ffb52237000 	C:\WINDOWS\System32\bcrypt.dll
0x00007ffb519c0000 - 0x00007ffb519ee000 	C:\WINDOWS\SYSTEM32\USERENV.dll
0x00007ffb51ac0000 - 0x00007ffb51b42000 	C:\WINDOWS\System32\bcryptprimitives.dll
0x00007ffb51490000 - 0x00007ffb5149c000 	C:\WINDOWS\SYSTEM32\CRYPTBASE.dll
0x0000000055f30000 - 0x0000000055f4a000 	C:\Program Files\Java\jre1.8.0_191\bin\net.dll
0x00007ffb51280000 - 0x00007ffb512ea000 	C:\WINDOWS\system32\mswsock.dll
0x00007ffb50f20000 - 0x00007ffb50f5b000 	C:\WINDOWS\SYSTEM32\IPHLPAPI.DLL
0x00007ffb539e0000 - 0x00007ffb539e8000 	C:\WINDOWS\System32\NSI.dll
0x00007ffb45910000 - 0x00007ffb45927000 	C:\WINDOWS\SYSTEM32\dhcpcsvc6.DLL
0x00007ffb458a0000 - 0x00007ffb458bd000 	C:\WINDOWS\SYSTEM32\dhcpcsvc.DLL
0x00007ffb50f70000 - 0x00007ffb5103b000 	C:\WINDOWS\SYSTEM32\DNSAPI.dll
0x0000000055b70000 - 0x0000000055b81000 	C:\Program Files\Java\jre1.8.0_191\bin\nio.dll
0x0000000180000000 - 0x0000000180053000 	C:\Users\panen\AppData\Local\Temp\libgdxpanen\dc0f0009\lwjgl64.dll
0x00007ffb2ee10000 - 0x00007ffb2ef35000 	C:\WINDOWS\SYSTEM32\OPENGL32.dll
0x00007ffb46680000 - 0x00007ffb466ac000 	C:\WINDOWS\SYSTEM32\GLU32.dll
0x000000001f810000 - 0x000000001f874000 	C:\Users\panen\AppData\Local\Temp\libgdxpanen\dc0f0009\OpenAL64.dll
0x00007ffb53820000 - 0x00007ffb5394a000 	C:\WINDOWS\System32\ole32.dll
0x00007ffb4f980000 - 0x00007ffb4f992000 	C:\WINDOWS\SYSTEM32\kernel.appcore.dll
0x00007ffb4f490000 - 0x00007ffb4f52e000 	C:\WINDOWS\system32\uxtheme.dll
0x00007ffb009b0000 - 0x00007ffb00ae9000 	C:\ProgramData\A-Volute\A-Volute.Nahimic\Modules\Scheduled\x64\AudioDevProps2.dll
0x00007ffb216b0000 - 0x00007ffb217a1000 	C:\WINDOWS\system32\pmls64.dll
0x00007ffb528a0000 - 0x00007ffb5296d000 	C:\WINDOWS\System32\OLEAUT32.dll
0x00007ffb3b570000 - 0x00007ffb3b5d6000 	C:\WINDOWS\system32\OLEACC.dll
0x00007ffb33cc0000 - 0x00007ffb34199000 	C:\WINDOWS\system32\WININET.dll
0x00007ffb50c50000 - 0x00007ffb50c83000 	C:\WINDOWS\SYSTEM32\ntmarta.dll
0x00007ffb53d60000 - 0x00007ffb53e09000 	C:\WINDOWS\System32\clbcatq.dll
0x00007ffb45ee0000 - 0x00007ffb45f65000 	C:\WINDOWS\System32\MMDevApi.dll
0x00007ffb51870000 - 0x00007ffb5189c000 	C:\WINDOWS\System32\DEVOBJ.dll
0x00007ffb52350000 - 0x00007ffb5239e000 	C:\WINDOWS\System32\cfgmgr32.dll
0x00007ffb50a50000 - 0x00007ffb50ae9000 	C:\WINDOWS\SYSTEM32\Schannel.dll
0x00007ffb51980000 - 0x00007ffb519b2000 	C:\WINDOWS\SYSTEM32\SSPICLI.DLL
0x00007ffb46100000 - 0x00007ffb46282000 	C:\WINDOWS\SYSTEM32\AudioSes.dll
0x00007ffb51090000 - 0x00007ffb510db000 	C:\WINDOWS\SYSTEM32\powrprof.dll
0x00007ffb50f00000 - 0x00007ffb50f12000 	C:\WINDOWS\SYSTEM32\UMPDC.dll
0x00007ffb01a60000 - 0x00007ffb01ac7000 	C:\ProgramData\A-Volute\A-Volute.Nahimic\Modules\Scheduled\x64\ProductInfo.dll
0x00007ffae9490000 - 0x00007ffae94d3000 	C:\ProgramData\A-Volute\A-Volute.Nahimic\Modules\Scheduled\x64\ASM.Plugin.AudioDevProps2.dll
0x00007ffb4d630000 - 0x00007ffb4d726000 	C:\WINDOWS\SYSTEM32\PropSys.dll
0x00007ffb13b10000 - 0x00007ffb13bac000 	C:\WINDOWS\SYSTEM32\dsound.dll
0x00007ffb29370000 - 0x00007ffb29396000 	C:\WINDOWS\SYSTEM32\winmmbase.dll
0x00007ffb4f590000 - 0x00007ffb4f5a4000 	C:\WINDOWS\SYSTEM32\resourcepolicyclient.dll
0x00007ffb4bfb0000 - 0x00007ffb4c05e000 	C:\WINDOWS\SYSTEM32\mscms.dll
0x00007ffb4bf20000 - 0x00007ffb4bf31000 	C:\WINDOWS\SYSTEM32\ColorAdapterClient.dll
0x00007ffb52410000 - 0x00007ffb52525000 	C:\WINDOWS\System32\MSCTF.dll
0x00007ffb2aa70000 - 0x00007ffb2ab69000 	C:\WINDOWS\SYSTEM32\textinputframework.dll
0x00007ffb4ec60000 - 0x00007ffb4efbe000 	C:\WINDOWS\System32\CoreUIComponents.dll
0x00007ffb4efc0000 - 0x00007ffb4f0b2000 	C:\WINDOWS\System32\CoreMessaging.dll
0x00007ffb4d900000 - 0x00007ffb4da54000 	C:\WINDOWS\SYSTEM32\wintypes.dll
0x00007ffb46290000 - 0x00007ffb46387000 	C:\Windows\System32\AppXDeploymentClient.dll
0x00007ffaf9250000 - 0x00007ffafa255000 	C:\WINDOWS\System32\DriverStore\FileRepository\iigd_dch.inf_amd64_68bcc6f9f228b6f0\ig9icd64.dll
0x00007ffb4f690000 - 0x00007ffb4f6bf000 	C:\WINDOWS\system32\dwmapi.dll
0x00007ffb50380000 - 0x00007ffb50473000 	C:\WINDOWS\system32\dxgi.dll
0x00007ffafe4a0000 - 0x00007ffafe8ba000 	C:\WINDOWS\System32\DriverStore\FileRepository\iigd_dch.inf_amd64_68bcc6f9f228b6f0\igdml64.dll
0x00007ffb42600000 - 0x00007ffb42881000 	C:\WINDOWS\System32\DriverStore\FileRepository\iigd_dch.inf_amd64_68bcc6f9f228b6f0\igdgmm64.dll
0x00007ffb20b60000 - 0x00007ffb20ba3000 	C:\WINDOWS\SYSTEM32\icm32.dll
0x00007ffb3f7b0000 - 0x00007ffb425f4000 	C:\WINDOWS\System32\DriverStore\FileRepository\iigd_dch.inf_amd64_68bcc6f9f228b6f0\igc64.dll
0x000000006a740000 - 0x000000006a7f1000 	C:\Users\panen\AppData\Local\Temp\libgdxpanen\14b90e9d\gdx-freetype64.dll

VM Arguments:
jvm_args: -Dfile.encoding=Cp1252 
java_command: game.Launcher
java_class_path (initial): C:\Program Files\Java\jre1.8.0_191\lib\resources.jar;C:\Program Files\Java\jre1.8.0_191\lib\rt.jar;C:\Program Files\Java\jre1.8.0_191\lib\jsse.jar;C:\Program Files\Java\jre1.8.0_191\lib\jce.jar;C:\Program Files\Java\jre1.8.0_191\lib\charsets.jar;C:\Program Files\Java\jre1.8.0_191\lib\jfr.jar;C:\Program Files\Java\jre1.8.0_191\lib\ext\access-bridge-64.jar;C:\Program Files\Java\jre1.8.0_191\lib\ext\cldrdata.jar;C:\Program Files\Java\jre1.8.0_191\lib\ext\dnsns.jar;C:\Program Files\Java\jre1.8.0_191\lib\ext\jaccess.jar;C:\Program Files\Java\jre1.8.0_191\lib\ext\jfxrt.jar;C:\Program Files\Java\jre1.8.0_191\lib\ext\localedata.jar;C:\Program Files\Java\jre1.8.0_191\lib\ext\nashorn.jar;C:\Program Files\Java\jre1.8.0_191\lib\ext\sunec.jar;C:\Program Files\Java\jre1.8.0_191\lib\ext\sunjce_provider.jar;C:\Program Files\Java\jre1.8.0_191\lib\ext\sunmscapi.jar;C:\Program Files\Java\jre1.8.0_191\lib\ext\sunpkcs11.jar;C:\Program Files\Java\jre1.8.0_191\lib\ext\zipfs.jar;D:\DAM\2\ProgramacionMultimedia\videojuego\mijuego\Demo\bin;D:\DAM\2\ProgramacionMultimedia\videojuego\mijuego\Demo\libs\gdx-backend-lwjgl-natives.jar;D:\DAM\2\ProgramacionMultimedia\videojuego\mijuego\Demo\libs\gdx-backend-lwjgl.jar;D:\DAM\2\ProgramacionMultimedia\videojuego\mijuego\Demo\libs\gdx-freetype-natives.jar;D:\DAM\2\ProgramacionMultimedia\videojuego\mijuego\Demo\libs\gdx-freetype.jar;D:\DAM\2\ProgramacionMultimedia\videojuego\mijuego\Demo\libs\gdx-natives.jar;D:\DAM\2\ProgramacionMultimedia\videojuego\mijuego\Demo\libs\gdx-sources.jar;D:\DAM\2\ProgramacionMultimedia\videojuego\mijuego\Demo\libs\gdx.jar
Launcher Type: SUN_STANDARD

Environment Variables:
PATH=C:/Program Files/Java/jre1.8.0_191/bin/server;C:/Program Files/Java/jre1.8.0_191/bin;C:/Program Files/Java/jre1.8.0_191/lib/amd64;C:\Program Files (x86)\Common Files\Oracle\Java\javapath;C:\Windows\system32;C:\Windows;C:\Windows\System32\Wbem;C:\Windows\System32\WindowsPowerShell\v1.0\;C:\Windows\System32\OpenSSH\;C:\Program Files (x86)\NVIDIA Corporation\PhysX\Common;C:\Program Files\NVIDIA Corporation\NVIDIA NvDLISR;C:\WINDOWS\system32;C:\WINDOWS;C:\WINDOWS\System32\Wbem;C:\WINDOWS\System32\WindowsPowerShell\v1.0\;C:\WINDOWS\System32\OpenSSH\;C:\Program Files\Git\cmd;C:\Program Files (x86)\BaseX\bin;C:\Users\panen\AppData\Local\Microsoft\WindowsApps;C:\Users\panen\Downloads\eclipse;
USERNAME=panen
OS=Windows_NT
PROCESSOR_IDENTIFIER=Intel64 Family 6 Model 142 Stepping 12, GenuineIntel



---------------  S Y S T E M  ---------------

OS: Windows 10.0 , 64 bit Build 19041 (10.0.19041.2546)

CPU:total 8 (initial active 8) (4 cores per cpu, 2 threads per core) family 6 model 142 stepping 12, cmov, cx8, fxsr, mmx, sse, sse2, sse3, ssse3, sse4.1, sse4.2, popcnt, avx, avx2, aes, clmul, erms, 3dnowpref, lzcnt, ht, tsc, tscinvbit, bmi1, bmi2, adx

Memory: 4k page, physical 16608660k(701684k free), swap 66940308k(0k free)

vm_info: Java HotSpot(TM) 64-Bit Server VM (25.191-b12) for windows-amd64 JRE (1.8.0_191-b12), built on Oct  6 2018 09:29:03 by "java_re" with MS VC++ 10.0 (VS2010)

time: Sat Mar 04 19:21:53 2023
elapsed time: 313 seconds (0d 0h 5m 13s)

